文件：bsp.c        编译器版本 HGASM 0202 页次1


   1  0000              ; Generated by holtek-gcc v3.19, Thu Apr 20 18:26:16 2023
   2  0000              ; 
   3  0000              ; Configuration:
   4  0000              ;       with long instruction
   5  0000              ;       Single ROM, Multi-RAM
   6  0000              ;       bits_per_rom_unit:16
   7  0000              ;       with mp1
   8  0000              ;       with tbhp, address(0x9)
   9  0000              ;          Use tabrd-const
  10  0000              ;       
  11  0000              ; SFR address of long-instruction arch:
  12  0000              ;    mp0 = -1,1,0
  13  0000              ;    mp1 = 4,3,2
  14  0000              ;    mp2 = 14,13,12
  15  0000              ;    tbp = 9,7,8
  16  0000              ;    acc = 5
  17  0000              ;    pcl = 6
  18  0000              ;    status = 10
  19  0000              ;    bp = 11
  20  0000              ;    intc = 17
  21  0000              ;       
  22  0000              ;       
  23  0000              ; use 'tabrdc' instead of 'tabrd'
  24  0000              ;       
  25  0000              
  26  0000              #pragma translator "holtek-gcc 4.6.4" "3.19" "build 20130711"
  27  0000              ; Rebuild 718
  28  0000              
  29  0000              ir equ [2]
  30  0000              mp equ [3]
  31  0000              sbp equ [4]
  32  0000              acc equ [5]
  33  0000              bp equ [11]
  34  0000              tblp equ [7]
  35  0000              tbhp equ [9]
  36  0000              status equ [10]
  37  0000              c equ [10].0
  38  0000              ac equ [10].1
  39  0000              z equ [10].2
  40  0000              ov equ [10].3
  41  0000              cz equ [10].6
  42  0000              sc equ [10].7
  43  0000              intc equ [17]
  44  0000              
  45  0000              extern ra:byte
  46  0000              extern rb:byte
  47  0000              extern rc:byte
  48  0000              extern rd:byte
  49  0000              extern re:byte
  50  0000              extern rf:byte
  51  0000              extern rg:byte
  52  0000              extern rh:byte
  53  0000              extern _Crom2Prom:near
  54  0000              extern _Crom2PromNext:near
  55  0000              
  56  0000              RAMBANK 0 @BITDATASEC, @BITDATASEC1
  57  0000              @HCCINIT	.section 'data'
  58  0000              @HCCINIT0	.section 'data'
  59  0000              @BITDATASEC	 .section 'data'
文件：bsp.ASM      编译器版本 HGASM 0202 页次2

  60  0000              @BITDATASEC1	 .section 'data'
  61  0000              
  62  0000              #pragma debug scope 1 1
  63  0000              	extern __DELAY3:near
  64  0000              	extern __DELAYX3:near
  65  0000              	extern __DELAYX6:near
  66  0000              	extern __DELAYY5:near
  67  0000              	extern __DELAYY3:near
  68  0000              	extern _builtin_holtek_delay_2:byte
  69  0000              ___pac equ [21]
  70  0000              ___pbc equ [38]
  71  0000              ___pcc equ [66]
  72  0000              ___pdc equ [83]
  73  0000              ___pa equ [20]
  74  0000              ___pb equ [37]
  75  0000              ___pc equ [65]
  76  0000              ___pd equ [82]
  77  0000              ___papu equ [22]
  78  0000              ___pbpu equ [39]
  79  0000              ___pcpu equ [67]
  80  0000              ___pdpu equ [84]
  81  0000              public _GPIO_Init
  82  0000              #pragma debug scope 2 1

   4  0000              #line 4 "C:\Users\wushu\Desktop\FAE\HT66F3185低功耗异常\code\HT66F3185_LOW_POWER\bsp.c"
   4  0000              _GPIO_Init .section 'code'
   4  0000              _GPIO_Init proc
   6  0000              #line 6 "C:\Users\wushu\Desktop\FAE\HT66F3185低功耗异常\code\HT66F3185_LOW_POWER\bsp.c"
   6  0000  1F15        	clr [21]
   7  0001              #line 7 "C:\Users\wushu\Desktop\FAE\HT66F3185低功耗异常\code\HT66F3185_LOW_POWER\bsp.c"
   7  0001  1F26        	clr [38]
   8  0002              #line 8 "C:\Users\wushu\Desktop\FAE\HT66F3185低功耗异常\code\HT66F3185_LOW_POWER\bsp.c"
   8  0002  1F42        	clr [66]
   9  0003              #line 9 "C:\Users\wushu\Desktop\FAE\HT66F3185低功耗异常\code\HT66F3185_LOW_POWER\bsp.c"
   9  0003  1F53        	clr [83]
  11  0004              #line 11 "C:\Users\wushu\Desktop\FAE\HT66F3185低功耗异常\code\HT66F3185_LOW_POWER\bsp.c"
  11  0004  1F14        	clr [20]
  12  0005              #line 12 "C:\Users\wushu\Desktop\FAE\HT66F3185低功耗异常\code\HT66F3185_LOW_POWER\bsp.c"
  12  0005  1F25        	clr [37]
  13  0006              #line 13 "C:\Users\wushu\Desktop\FAE\HT66F3185低功耗异常\code\HT66F3185_LOW_POWER\bsp.c"
  13  0006  1F41        	clr [65]
  14  0007              #line 14 "C:\Users\wushu\Desktop\FAE\HT66F3185低功耗异常\code\HT66F3185_LOW_POWER\bsp.c"
  14  0007  1F52        	clr [82]
  16  0008              #line 16 "C:\Users\wushu\Desktop\FAE\HT66F3185低功耗异常\code\HT66F3185_LOW_POWER\bsp.c"
  16  0008  1F16        	clr [22]
  17  0009              #line 17 "C:\Users\wushu\Desktop\FAE\HT66F3185低功耗异常\code\HT66F3185_LOW_POWER\bsp.c"
  17  0009  1F27        	clr [39]
  18  000A              #line 18 "C:\Users\wushu\Desktop\FAE\HT66F3185低功耗异常\code\HT66F3185_LOW_POWER\bsp.c"
  18  000A  1F43        	clr [67]
  19  000B              #line 19 "C:\Users\wushu\Desktop\FAE\HT66F3185低功耗异常\code\HT66F3185_LOW_POWER\bsp.c"
  19  000B  1F54        	clr [84]
  19  000C  0003        	ret
  19  000D              _GPIO_Init endp
  19  000D              #line 19 "C:\Users\wushu\Desktop\FAE\HT66F3185低功耗异常\code\HT66F3185_LOW_POWER\bsp.c"
  19  000D              #pragma debug scope 1 1
  19  000D              ___wdtc equ [26]
  19  000D              ___scc equ [25]
  19  000D              ___intc0 equ [17]
  19  000D              ___lvrc equ [29]
  19  000D              ___ctmc0 equ [40]
文件：bsp.c        编译器版本 HGASM 0202 页次3

  19  000D              ___stmc0 equ [47]
  19  000D              ___ptmc0 equ [55]
  19  000D              ___sadc0 equ [34]
  19  000D              ___cmpc equ [63]
  19  000D              ___simc0 equ [69]
  19  000D              ___ucr1 equ [86]
  19  000D              ___slcdc0 equ [98]
  19  000D              ___lvdc equ [24]
  19  000D              public _System_Init
  19  000D              #pragma debug scope 3 1
  55  000D              #line 55 "C:\Users\wushu\Desktop\FAE\HT66F3185低功耗异常\code\HT66F3185_LOW_POWER\bsp.c"
  55  0000              _System_Init .section 'code'
  55  0000              _System_Init proc
  56  0000              #line 56 "C:\Users\wushu\Desktop\FAE\HT66F3185低功耗异常\code\HT66F3185_LOW_POWER\bsp.c"
  56  0000  0FA8        	mov a,168
  56  0001  009A        	mov [26],a
  57  0002              #line 57 "C:\Users\wushu\Desktop\FAE\HT66F3185低功耗异常\code\HT66F3185_LOW_POWER\bsp.c"
  57  0002  3499        	clr [25].1
  58  0003              #line 58 "C:\Users\wushu\Desktop\FAE\HT66F3185低功耗异常\code\HT66F3185_LOW_POWER\bsp.c"
  58  0003  3419        	clr [25].0
  59  0004              #line 59 "C:\Users\wushu\Desktop\FAE\HT66F3185低功耗异常\code\HT66F3185_LOW_POWER\bsp.c"
  59  0004  3411        	clr [17].0
  61  0005              #line 61 "C:\Users\wushu\Desktop\FAE\HT66F3185低功耗异常\code\HT66F3185_LOW_POWER\bsp.c"
  61  0005  0FF0        	mov a,240
  61  0006  009D        	mov [29],a
  62  0007              #line 62 "C:\Users\wushu\Desktop\FAE\HT66F3185低功耗异常\code\HT66F3185_LOW_POWER\bsp.c"
  62  0007  35A8        	clr [40].3
  63  0008              #line 63 "C:\Users\wushu\Desktop\FAE\HT66F3185低功耗异常\code\HT66F3185_LOW_POWER\bsp.c"
  63  0008  35AF        	clr [47].3
  64  0009              #line 64 "C:\Users\wushu\Desktop\FAE\HT66F3185低功耗异常\code\HT66F3185_LOW_POWER\bsp.c"
  64  0009  35B7        	clr [55].3
  65  000A              #line 65 "C:\Users\wushu\Desktop\FAE\HT66F3185低功耗异常\code\HT66F3185_LOW_POWER\bsp.c"
  65  000A  36A2        	clr [34].5
  66  000B              #line 66 "C:\Users\wushu\Desktop\FAE\HT66F3185低功耗异常\code\HT66F3185_LOW_POWER\bsp.c"
  66  000B  373F        	clr [63].6
  67  000C              #line 67 "C:\Users\wushu\Desktop\FAE\HT66F3185低功耗异常\code\HT66F3185_LOW_POWER\bsp.c"
  67  000C  34C5        	clr [69].1
  68  000D              #line 68 "C:\Users\wushu\Desktop\FAE\HT66F3185低功耗异常\code\HT66F3185_LOW_POWER\bsp.c"
  68  000D  37D6        	clr [86].7
  69  000E              #line 69 "C:\Users\wushu\Desktop\FAE\HT66F3185低功耗异常\code\HT66F3185_LOW_POWER\bsp.c"
  69  000E  3662        	clr [98].4
  70  000F              #line 70 "C:\Users\wushu\Desktop\FAE\HT66F3185低功耗异常\code\HT66F3185_LOW_POWER\bsp.c"
  70  000F  3618        	clr [24].4
  70  0010  0003        	ret
  70  0011              _System_Init endp
  70  0011              #line 70 "C:\Users\wushu\Desktop\FAE\HT66F3185低功耗异常\code\HT66F3185_LOW_POWER\bsp.c"
  70  0011              #pragma debug scope 1 1
  70  0011              #pragma debug struct_end
  70  0011              #pragma debug struct_end
  70  0011              #pragma debug union_end
  70  0011              #pragma debug union_end
  70  0011              #pragma debug variable 43 1 ___intc0 "__intc0" 1
  70  0011              #pragma debug struct_end
  70  0011              #pragma debug struct_end
  70  0011              #pragma debug union_end
  70  0011              #pragma debug union_end
  70  0011              #pragma debug variable 45 1 ___pa "__pa" 1
  70  0011              #pragma debug struct_end
  70  0011              #pragma debug struct_end
  70  0011              #pragma debug union_end
文件：bsp.c        编译器版本 HGASM 0202 页次4

  70  0011              #pragma debug union_end
  70  0011              #pragma debug variable 47 1 ___pac "__pac" 1
  70  0011              #pragma debug struct_end
  70  0011              #pragma debug struct_end
  70  0011              #pragma debug union_end
  70  0011              #pragma debug union_end
  70  0011              #pragma debug variable 49 1 ___papu "__papu" 1
  70  0011              #pragma debug struct_end
  70  0011              #pragma debug struct_end
  70  0011              #pragma debug union_end
  70  0011              #pragma debug union_end
  70  0011              #pragma debug variable 51 1 ___lvdc "__lvdc" 1
  70  0011              #pragma debug struct_end
  70  0011              #pragma debug struct_end
  70  0011              #pragma debug union_end
  70  0011              #pragma debug union_end
  70  0011              #pragma debug variable 53 1 ___scc "__scc" 1
  70  0011              #pragma debug struct_end
  70  0011              #pragma debug struct_end
  70  0011              #pragma debug union_end
  70  0011              #pragma debug union_end
  70  0011              #pragma debug variable 55 1 ___wdtc "__wdtc" 1
  70  0011              #pragma debug struct_end
  70  0011              #pragma debug struct_end
  70  0011              #pragma debug union_end
  70  0011              #pragma debug union_end
  70  0011              #pragma debug variable 57 1 ___lvrc "__lvrc" 1
  70  0011              #pragma debug struct_end
  70  0011              #pragma debug struct_end
  70  0011              #pragma debug union_end
  70  0011              #pragma debug union_end
  70  0011              #pragma debug variable 59 1 ___sadc0 "__sadc0" 1
  70  0011              #pragma debug struct_end
  70  0011              #pragma debug struct_end
  70  0011              #pragma debug union_end
  70  0011              #pragma debug union_end
  70  0011              #pragma debug variable 61 1 ___pb "__pb" 1
  70  0011              #pragma debug struct_end
  70  0011              #pragma debug struct_end
  70  0011              #pragma debug union_end
  70  0011              #pragma debug union_end
  70  0011              #pragma debug variable 63 1 ___pbc "__pbc" 1
  70  0011              #pragma debug struct_end
  70  0011              #pragma debug struct_end
  70  0011              #pragma debug union_end
  70  0011              #pragma debug union_end
  70  0011              #pragma debug variable 65 1 ___pbpu "__pbpu" 1
  70  0011              #pragma debug struct_end
  70  0011              #pragma debug struct_end
  70  0011              #pragma debug union_end
  70  0011              #pragma debug union_end
  70  0011              #pragma debug variable 67 1 ___ctmc0 "__ctmc0" 1
  70  0011              #pragma debug struct_end
  70  0011              #pragma debug struct_end
  70  0011              #pragma debug union_end
  70  0011              #pragma debug union_end
  70  0011              #pragma debug variable 69 1 ___stmc0 "__stmc0" 1
  70  0011              #pragma debug struct_end
  70  0011              #pragma debug struct_end
  70  0011              #pragma debug union_end
文件：bsp.c        编译器版本 HGASM 0202 页次5

  70  0011              #pragma debug union_end
  70  0011              #pragma debug variable 71 1 ___ptmc0 "__ptmc0" 1
  70  0011              #pragma debug struct_end
  70  0011              #pragma debug struct_end
  70  0011              #pragma debug union_end
  70  0011              #pragma debug union_end
  70  0011              #pragma debug variable 73 1 ___cmpc "__cmpc" 1
  70  0011              #pragma debug struct_end
  70  0011              #pragma debug struct_end
  70  0011              #pragma debug union_end
  70  0011              #pragma debug union_end
  70  0011              #pragma debug variable 75 1 ___pc "__pc" 1
  70  0011              #pragma debug struct_end
  70  0011              #pragma debug struct_end
  70  0011              #pragma debug union_end
  70  0011              #pragma debug union_end
  70  0011              #pragma debug variable 77 1 ___pcc "__pcc" 1
  70  0011              #pragma debug struct_end
  70  0011              #pragma debug struct_end
  70  0011              #pragma debug union_end
  70  0011              #pragma debug union_end
  70  0011              #pragma debug variable 79 1 ___pcpu "__pcpu" 1
  70  0011              #pragma debug struct_end
  70  0011              #pragma debug struct_end
  70  0011              #pragma debug union_end
  70  0011              #pragma debug union_end
  70  0011              #pragma debug variable 81 1 ___simc0 "__simc0" 1
  70  0011              #pragma debug struct_end
  70  0011              #pragma debug struct_end
  70  0011              #pragma debug union_end
  70  0011              #pragma debug union_end
  70  0011              #pragma debug variable 83 1 ___pd "__pd" 1
  70  0011              #pragma debug struct_end
  70  0011              #pragma debug struct_end
  70  0011              #pragma debug union_end
  70  0011              #pragma debug union_end
  70  0011              #pragma debug variable 85 1 ___pdc "__pdc" 1
  70  0011              #pragma debug struct_end
  70  0011              #pragma debug struct_end
  70  0011              #pragma debug union_end
  70  0011              #pragma debug union_end
  70  0011              #pragma debug variable 87 1 ___pdpu "__pdpu" 1
  70  0011              #pragma debug struct_end
  70  0011              #pragma debug struct_end
  70  0011              #pragma debug union_end
  70  0011              #pragma debug union_end
  70  0011              #pragma debug variable 89 1 ___ucr1 "__ucr1" 1
  70  0011              #pragma debug struct_end
  70  0011              #pragma debug struct_end
  70  0011              #pragma debug union_end
  70  0011              #pragma debug union_end
  70  0011              #pragma debug variable 91 1 ___slcdc0 "__slcdc0" 1
  70  0011              
  70  0011              ; 
  70  0011              ; Generated by holtek-gcc v3.19, Thu Apr 20 18:26:16 2023
  70  0011              ; Rebuild 718
  70  0011              ; end of file


        0 Errors, 0